C51 COMPILER V9.00   INT0                                                                  09/21/2024 03:39:09 PAGE 1   


C51 COMPILER V9.00, COMPILATION OF MODULE INT0
OBJECT MODULE PLACED IN Int0.OBJ
COMPILER INVOKED BY: E:\Keil\C51\BIN\C51.EXE Int0.c BROWSE INCDIR(..\project_0920) DEBUG OBJECTEXTEND

line level    source

   1          #include <REGX52.H>
   2          
   3          /**
   4            * @brief  外部中断0初始化
   5            * @param  无
   6            * @retval 无
   7            */
   8          void Int0_Init(void)
   9          {
  10   1              IT0=1;
  11   1              IE0=0;
  12   1              EX0=1;
  13   1              EA=1;
  14   1              PX0=1;
  15   1      }
  16          
  17          /*外部中断0中断函数模板
  18          void Int0_Routine(void) interrupt 0
  19          {
  20                  
  21          }
  22          */


MODULE INFORMATION:   STATIC OVERLAYABLE
   CODE SIZE        =     11    ----
   CONSTANT SIZE    =   ----    ----
   XDATA SIZE       =   ----    ----
   PDATA SIZE       =   ----    ----
   DATA SIZE        =   ----    ----
   IDATA SIZE       =   ----    ----
   BIT SIZE         =   ----    ----
END OF MODULE INFORMATION.


C51 COMPILATION COMPLETE.  0 WARNING(S),  0 ERROR(S)
