C51 COMPILER V9.00   UART                                                                  09/21/2024 08:08:58 PAGE 1   


C51 COMPILER V9.00, COMPILATION OF MODULE UART
OBJECT MODULE PLACED IN UART.OBJ
COMPILER INVOKED BY: E:\Keil\C51\BIN\C51.EXE UART.c BROWSE INCDIR(..\project_0920) DEBUG OBJECTEXTEND

line level    source

   1          #include <REG52.H>
   2          #include "UART.h"
   3          #include "intrins.h"
   4          #include <stdio.h>
   5          
   6          /**
   7            * @brief  串口初始化，使用定时器2生成115200bps波特率
   8            * @param  无
   9            * @retval 无
  10            */
  11          void UART_Init()                //115200bps@11.0592MHz
  12          {
  13   1         SCON=0x50;   
  14   1         TH2=0xFF;           
  15   1         TL2=0xFD;   
  16   1         RCAP2H=0xFF;   
  17   1         RCAP2L=0xFD; 
  18   1      
  19   1      /*****************/
  20   1         TCLK=1;   
  21   1         RCLK=1;   
  22   1         C_T2=0;   
  23   1         EXEN2=0;
  24   1      
  25   1      /*****************/
  26   1         TR2=1 ;
  27   1         TI = 1;
  28   1         ES=1;
  29   1         EA=1;
  30   1      }
  31          
  32          /**
  33            * @brief  串口发送一个字节数据
  34            * @param  Byte 要发送的一个字节数据
  35            * @retval 无
  36            */
  37          void UART_SendByte(unsigned char Byte)
  38          {
  39   1              SBUF = Byte;                    // 将数据加载到串口发送寄存器
  40   1              while(!TI);                     // 等待发送完成
  41   1              TI = 0;                                 // 清除发送完成标志位
  42   1      }
  43          
  44          /**
  45            * @brief  串口发送字符串
  46            * @param  s 要发送的字符串指针
  47            * @retval 无
  48            */
  49          void UART_SendString(char *s)
  50          {
  51   1          while(*s)                           // 检查字符串结束标志
  52   1          {
  53   2              UART_SendByte(*s++); // 发送当前字符
  54   2          }
  55   1      }
C51 COMPILER V9.00   UART                                                                  09/21/2024 08:08:58 PAGE 2   



MODULE INFORMATION:   STATIC OVERLAYABLE
   CODE SIZE        =     77    ----
   CONSTANT SIZE    =   ----    ----
   XDATA SIZE       =   ----    ----
   PDATA SIZE       =   ----    ----
   DATA SIZE        =   ----       3
   IDATA SIZE       =   ----    ----
   BIT SIZE         =   ----    ----
END OF MODULE INFORMATION.


C51 COMPILATION COMPLETE.  0 WARNING(S),  0 ERROR(S)
